[debug] [2018-08-27T05:21:24.213Z] ----------------------------------------------------------------------
[debug] [2018-08-27T05:21:24.216Z] Command:       C:\Program Files\nodejs\node.exe C:\Users\Lenovo\AppData\Roaming\npm\node_modules\firebase-tools\bin\firebase init
[debug] [2018-08-27T05:21:24.217Z] CLI Version:   4.2.0
[debug] [2018-08-27T05:21:24.217Z] Platform:      win32
[debug] [2018-08-27T05:21:24.217Z] Node Version:  v10.4.1
[debug] [2018-08-27T05:21:24.218Z] Time:          Mon Aug 27 2018 10:51:24 GMT+0530 (India Standard Time)
[debug] [2018-08-27T05:21:24.218Z] ----------------------------------------------------------------------
[debug] 
[debug] [2018-08-27T05:21:24.227Z] > command requires scopes: ["email","openid","https://www.googleapis.com/auth/cloudplatformprojects.readonly","https://www.googleapis.com/auth/firebase"]
[debug] [2018-08-27T05:21:24.228Z] > authorizing via signed-in user
[info] 
     ######## #### ########  ######## ########     ###     ######  ########
     ##        ##  ##     ## ##       ##     ##  ##   ##  ##       ##
     ######    ##  ########  ######   ########  #########  ######  ######
     ##        ##  ##    ##  ##       ##     ## ##     ##       ## ##
     ##       #### ##     ## ######## ########  ##     ##  ######  ########

You're about to initialize a Firebase project in this directory:

  C:\Users\Lenovo\Desktop\React projects\Dharamshala-Foods\DFS-otplogin

[info] 
=== Project Setup
[info] 
[info] First, let's associate this project directory with a Firebase project.
[info] You can create multiple project aliases by running firebase use --add, 
[info] but for now we'll just set up a default project.
[info] 
[debug] [2018-08-27T05:21:45.661Z] > refreshing access token with scopes: ["email","https://www.googleapis.com/auth/cloudplatformprojects.readonly","https://www.googleapis.com/auth/firebase","openid"]
[debug] [2018-08-27T05:21:45.661Z] >>> HTTP REQUEST POST https://www.googleapis.com/oauth2/v3/token  

[debug] [2018-08-27T05:21:45.995Z] <<< HTTP RESPONSE 200
[debug] [2018-08-27T05:21:46.120Z] >>> HTTP REQUEST GET https://admin.firebase.com/v1/projects  
 
[debug] [2018-08-27T05:21:47.274Z] <<< HTTP RESPONSE 200
[info] 
=== Database Setup
[info] 
[info] Firebase Realtime Database Rules allow you to define how your data should be
[info] structured and when your data can be read from and written to.
[info] 
[debug] [2018-08-27T05:21:58.720Z] >>> HTTP REQUEST GET https://dharamshalafoods-otplogin.firebaseio.com/.settings/rules.json  
 
[debug] [2018-08-27T05:22:01.507Z] <<< HTTP RESPONSE 200
[info] +  Database Rules for dharamshalafoods-otplogin have been downloaded to Yes.
[info] Future modifications to Yes will update Database Rules when you run
[info] firebase deploy.
[info] 
=== Functions Setup
[info] 
[info] A functions directory will be created in your project with a Node.js
[info] package pre-configured. Functions can be deployed with firebase deploy.
[info] 
[debug] [2018-08-27T05:22:01.517Z] > command requires scopes: ["email","openid","https://www.googleapis.com/auth/cloudplatformprojects.readonly","https://www.googleapis.com/auth/firebase","https://www.googleapis.com/auth/cloud-platform"]
[debug] [2018-08-27T05:22:01.517Z] > authorizing via signed-in user
[debug] [2018-08-27T05:22:01.517Z] > refreshing access token with scopes: ["email","https://www.googleapis.com/auth/cloud-platform","https://www.googleapis.com/auth/cloudplatformprojects.readonly","https://www.googleapis.com/auth/firebase","openid"]
[debug] [2018-08-27T05:22:01.517Z] >>> HTTP REQUEST POST https://www.googleapis.com/oauth2/v3/token  

[debug] [2018-08-27T05:22:01.725Z] <<< HTTP RESPONSE 200
[debug] [2018-08-27T05:22:01.852Z] >>> HTTP REQUEST GET https://admin.firebase.com/v1/projects/dharamshalafoods-otplogin  
 
[debug] [2018-08-27T05:22:02.682Z] <<< HTTP RESPONSE 200
[debug] [2018-08-27T05:22:02.686Z] >>> HTTP REQUEST PATCH https://servicemanagement.googleapis.com/v1/services/cloudfunctions.googleapis.com/projectSettings/dharamshalafoods-otplogin?updateMask=usageSettings  

[debug] [2018-08-27T05:22:02.687Z] >>> HTTP REQUEST PATCH https://servicemanagement.googleapis.com/v1/services/runtimeconfig.googleapis.com/projectSettings/dharamshalafoods-otplogin?updateMask=usageSettings  

[debug] [2018-08-27T05:22:04.850Z] <<< HTTP RESPONSE 200
[debug] [2018-08-27T05:22:05.366Z] <<< HTTP RESPONSE 200
[info] +  Wrote functions/package.json
[info] +  Wrote functions/.eslintrc.json
[info] +  Wrote functions/index.js
